2020-01-28 10:29:29.130[main] DEBUG com.jiangbin.dao.ShopDao.insertShop - ==>  Preparing: insert into tb_shop(owner_id,area_id,shop_category_id,shop_name,shop_desc,shop_addr, phone,shop_img,priority,create_time,last_edit_time,enable_status,advice) values (?,?,?,?, ?,?,?,?,?,?,?,?, ?,?) 
2020-01-28 10:29:29.191[main] DEBUG com.jiangbin.dao.ShopDao.insertShop - ==> Parameters: null, 2(Integer), 1(Long), ≤‚ ‘µÍ∆Ã(String), test(String), test(String), test(String), TEST(String), null, 2020-01-28 10:29:28.837(Timestamp), null, test(String), 1(Integer), …Û∫À÷–(String)
2020-01-28 10:33:09.267[main] DEBUG com.jiangbin.dao.ShopDao.insertShop - ==>  Preparing: insert into tb_shop(owner_id,area_id,shop_category_id,shop_name,shop_desc,shop_addr, phone,shop_img,priority,create_time,last_edit_time,shop_desc,enable_status,advice) values (?,?,?,?, ?,?,?,?,?,?,?,?, ?,?) 
2020-01-28 10:33:09.316[main] DEBUG com.jiangbin.dao.ShopDao.insertShop - ==> Parameters: null, 2(Integer), 1(Long), ≤‚ ‘µÍ∆Ã(String), test(String), test(String), test(String), TEST(String), null, 2020-01-28 10:33:09.016(Timestamp), null, test(String), 1(Integer), …Û∫À÷–(String)
2020-01-28 10:35:08.169[main] DEBUG com.jiangbin.dao.ShopDao.insertShop - ==>  Preparing: insert into tb_shop(owner_id,area_id,shop_category_id,shop_name,shop_desc,shop_addr, phone,shop_img,priority,create_time,last_edit_time,shop_desc,enable_status,advice) values (?,?,?,?, ?,?,?,?,?,?,?,?, ?,?) 
2020-01-28 10:35:08.216[main] DEBUG com.jiangbin.dao.ShopDao.insertShop - ==> Parameters: null, 2(Integer), 1(Long), ≤‚ ‘µÍ∆Ã(String), test(String), test(String), test(String), TEST(String), null, 2020-01-28 10:35:07.947(Timestamp), null, test(String), 1(Integer), …Û∫À÷–(String)
2020-01-28 10:36:55.395[main] DEBUG com.jiangbin.dao.ShopDao.insertShop - ==>  Preparing: insert into tb_shop(owner_id,area_id,shop_category_id,shop_name,shop_desc,shop_addr, phone,shop_img,priority,create_time,last_edit_time,shop_desc,enable_status,advice) values (?,?,?,?, ?,?,?,?,?,?,?,?, ?,?) 
2020-01-28 10:36:55.449[main] DEBUG com.jiangbin.dao.ShopDao.insertShop - ==> Parameters: 1(Long), 2(Integer), 1(Long), ≤‚ ‘µÍ∆Ã(String), test(String), test(String), test(String), TEST(String), null, 2020-01-28 10:36:55.153(Timestamp), null, test(String), 1(Integer), …Û∫À÷–(String)
2020-01-28 10:38:33.082[main] DEBUG com.jiangbin.dao.ShopDao.insertShop - ==>  Preparing: insert into tb_shop(owner_id,area_id,shop_category_id,shop_name,shop_desc,shop_addr, phone,shop_img,priority,create_time,last_edit_time,enable_status,advice) values (?,?,?,?, ?,?,?,?,?,?,?, ?,?) 
2020-01-28 10:38:33.132[main] DEBUG com.jiangbin.dao.ShopDao.insertShop - ==> Parameters: 1(Long), 2(Integer), 1(Long), ≤‚ ‘µÍ∆Ã(String), test(String), test(String), test(String), TEST(String), null, 2020-01-28 10:38:32.827(Timestamp), null, 1(Integer), …Û∫À÷–(String)
2020-01-28 10:40:52.920[main] DEBUG com.jiangbin.dao.ShopDao.insertShop - ==>  Preparing: insert into tb_shop(owner_id,area_id,shop_category_id,shop_name,shop_desc,shop_addr, phone,shop_img,priority,create_time,last_edit_time,enable_status,advice) values (?,?,?,?, ?,?,?,?,?,?,?, ?,?) 
2020-01-28 10:40:52.967[main] DEBUG com.jiangbin.dao.ShopDao.insertShop - ==> Parameters: 1(Long), 2(Integer), 1(Long), ≤‚ ‘µÍ∆Ã(String), test(String), test(String), test(String), TEST(String), null, 2020-01-28 10:40:52.697(Timestamp), null, 1(Integer), …Û∫À÷–(String)
2020-01-28 10:41:56.792[main] DEBUG com.jiangbin.dao.ShopDao.insertShop - ==>  Preparing: insert into tb_shop(owner_id,area_id,shop_category_id,shop_name,shop_desc,shop_addr, phone,shop_img,priority,create_time,last_edit_time,enable_status,advice) values (?,?,?,?, ?,?,?,?,?,?,?, ?,?) 
2020-01-28 10:41:56.844[main] DEBUG com.jiangbin.dao.ShopDao.insertShop - ==> Parameters: 1(Long), 2(Integer), 1(Long), ≤‚ ‘µÍ∆Ã(String), test(String), test(String), test(String), TEST(String), null, 2020-01-28 10:41:56.569(Timestamp), null, 1(Integer), …Û∫À÷–(String)
2020-01-28 10:41:56.854[main] DEBUG com.jiangbin.dao.ShopDao.insertShop - <==    Updates: 1
2020-01-28 11:05:47.237[main] DEBUG com.jiangbin.dao.ShopDao.insertShop - ==>  Preparing: insert into tb_shop(owner_id,area_id,shop_category_id,shop_name,shop_desc,shop_addr, phone,shop_img,priority,create_time,last_edit_time,enable_status,advice) values (?,?,?,?, ?,?,?,?,?,?,?, ?,?) 
2020-01-28 11:05:47.267[main] DEBUG com.jiangbin.dao.ShopDao.insertShop - ==> Parameters: 1(Long), 2(Integer), 1(Long), ≤‚ ‘µÍ∆Ã(String), test(String), test(String), test(String), TEST(String), null, 2020-01-28 11:05:47.004(Timestamp), null, 1(Integer), …Û∫À÷–(String)
2020-01-28 11:05:47.276[main] DEBUG com.jiangbin.dao.ShopDao.insertShop - <==    Updates: 1
2020-01-28 11:08:06.497[main] DEBUG com.jiangbin.dao.ShopDao.updateShop - ==>  Preparing: update tb_shop SET shop_desc=?, shop_addr=?, phone=?, shop_img=?, enable_status=?, advice=? area_id=?, shop_category_id=? where shop_id=? 
2020-01-28 11:08:06.545[main] DEBUG com.jiangbin.dao.ShopDao.updateShop - ==> Parameters: ≤‚ ‘√Ë ˆ(String), ≤‚ ‘µÿ÷∑(String), test(String), TEST(String), 1(Integer), …Û∫À÷–(String), 2(Integer), 1(Long), 1(Long)
2020-01-28 11:10:49.208[main] DEBUG com.jiangbin.dao.ShopDao.updateShop - ==>  Preparing: update tb_shop SET shop_desc=?, shop_addr=?, phone=?, shop_img=?, enable_status=?, advice=? where shop_id=? 
2020-01-28 11:10:49.255[main] DEBUG com.jiangbin.dao.ShopDao.updateShop - ==> Parameters: ≤‚ ‘√Ë ˆ(String), ≤‚ ‘µÿ÷∑(String), test(String), TEST(String), 1(Integer), …Û∫À÷–(String), 1(Long)
2020-01-28 11:10:49.264[main] DEBUG com.jiangbin.dao.ShopDao.updateShop - <==    Updates: 1
2020-01-28 14:57:02.558[main] DEBUG com.jiangbin.dao.ShopDao.insertShop - ==>  Preparing: insert into tb_shop(owner_id,area_id,shop_category_id,shop_name,shop_desc,shop_addr, phone,shop_img,priority,create_time,last_edit_time,enable_status,advice) values (?,?,?,?, ?,?,?,?,?,?,?, ?,?) 
2020-01-28 14:57:02.606[main] DEBUG com.jiangbin.dao.ShopDao.insertShop - ==> Parameters: 1(Long), 2(Integer), 1(Long), ≤‚ ‘µÍ∆Ã(String), test1(String), test1(String), test(String), null, null, 2020-01-28 14:57:02.536(Timestamp), 2020-01-28 14:57:02.536(Timestamp), 0(Integer), …Û∫À÷–(String)
2020-01-28 14:57:02.608[main] DEBUG com.jiangbin.dao.ShopDao.insertShop - <==    Updates: 1
2020-01-28 14:57:02.720[main] DEBUG com.jiangbin.entity.util.ImageUtil - current relativeAddr is\upload\item\shop\5\202001281457025816.jpg
2020-01-28 14:57:02.720[main] DEBUG com.jiangbin.entity.util.ImageUtil - current complete addr isD:\projectdev\image\upload\item\shop\5\202001281457025816.jpg
2020-01-28 14:57:02.852[main] DEBUG com.jiangbin.dao.ShopDao.updateShop - ==>  Preparing: update tb_shop SET shop_name=?, shop_desc=?, shop_addr=?, phone=?, shop_img=?, last_edit_time=?, enable_status=?, advice=? area_id=?, shop_category_id=? where shop_id=? 
2020-01-28 14:57:02.853[main] DEBUG com.jiangbin.dao.ShopDao.updateShop - ==> Parameters: ≤‚ ‘µÍ∆Ã(String), test1(String), test1(String), test(String), \upload\item\shop\5\202001281457025816.jpg(String), 2020-01-28 14:57:02.536(Timestamp), 0(Integer), …Û∫À÷–(String), 2(Integer), 1(Long), 5(Long)
2020-01-28 15:02:20.263[main] DEBUG com.jiangbin.dao.ShopDao.insertShop - ==>  Preparing: insert into tb_shop(owner_id,area_id,shop_category_id,shop_name,shop_desc,shop_addr, phone,shop_img,priority,create_time,last_edit_time,enable_status,advice) values (?,?,?,?, ?,?,?,?,?,?,?, ?,?) 
2020-01-28 15:02:20.311[main] DEBUG com.jiangbin.dao.ShopDao.insertShop - ==> Parameters: 1(Long), 2(Integer), 1(Long), ≤‚ ‘µÍ∆Ã(String), test1(String), test1(String), test(String), null, null, 2020-01-28 15:02:20.238(Timestamp), 2020-01-28 15:02:20.238(Timestamp), 0(Integer), …Û∫À÷–(String)
2020-01-28 15:02:20.312[main] DEBUG com.jiangbin.dao.ShopDao.insertShop - <==    Updates: 1
2020-01-28 15:02:55.919[main] DEBUG com.jiangbin.entity.util.ImageUtil - current relativeAddr is\upload\item\shop\6\2020012815023330207.jpg
2020-01-28 15:03:02.414[main] DEBUG com.jiangbin.entity.util.ImageUtil - current complete addr isD:\projectdev\image\upload\item\shop\6\2020012815023330207.jpg
2020-01-28 15:13:32.232[main] DEBUG com.jiangbin.dao.ShopDao.insertShop - ==>  Preparing: insert into tb_shop(owner_id,area_id,shop_category_id,shop_name,shop_desc,shop_addr, phone,shop_img,priority,create_time,last_edit_time,enable_status,advice) values (?,?,?,?, ?,?,?,?,?,?,?, ?,?) 
2020-01-28 15:13:32.278[main] DEBUG com.jiangbin.dao.ShopDao.insertShop - ==> Parameters: 1(Long), 2(Integer), 1(Long), ≤‚ ‘µÍ∆Ã(String), test1(String), test1(String), test(String), null, null, 2020-01-28 15:13:32.215(Timestamp), 2020-01-28 15:13:32.215(Timestamp), 0(Integer), …Û∫À÷–(String)
2020-01-28 15:13:32.280[main] DEBUG com.jiangbin.dao.ShopDao.insertShop - <==    Updates: 1
2020-01-28 15:13:32.287[main] DEBUG com.jiangbin.entity.util.ImageUtil - current relativeAddr is\upload\item\shop\7\2020012815133222323.jpg
2020-01-28 15:13:32.287[main] DEBUG com.jiangbin.entity.util.ImageUtil - current complete addr isD:\projectdev\image\upload\item\shop\7\2020012815133222323.jpg
2020-01-28 15:13:32.356[main] DEBUG com.jiangbin.dao.ShopDao.updateShop - ==>  Preparing: update tb_shop SET shop_name=?, shop_desc=?, shop_addr=?, phone=?, shop_img=?, last_edit_time=?, enable_status=?, advice=? area_id=?, shop_category_id=? where shop_id=? 
2020-01-28 15:13:32.357[main] DEBUG com.jiangbin.dao.ShopDao.updateShop - ==> Parameters: ≤‚ ‘µÍ∆Ã(String), test1(String), test1(String), test(String), \upload\item\shop\7\2020012815133222323.jpg(String), 2020-01-28 15:13:32.215(Timestamp), 0(Integer), …Û∫À÷–(String), 2(Integer), 1(Long), 7(Long)
2020-01-28 15:14:05.813[main] DEBUG com.jiangbin.dao.ShopDao.insertShop - ==>  Preparing: insert into tb_shop(owner_id,area_id,shop_category_id,shop_name,shop_desc,shop_addr, phone,shop_img,priority,create_time,last_edit_time,enable_status,advice) values (?,?,?,?, ?,?,?,?,?,?,?, ?,?) 
2020-01-28 15:14:05.859[main] DEBUG com.jiangbin.dao.ShopDao.insertShop - ==> Parameters: 1(Long), 2(Integer), 1(Long), ≤‚ ‘µÍ∆Ã(String), test1(String), test1(String), test(String), null, null, 2020-01-28 15:14:05.792(Timestamp), 2020-01-28 15:14:05.792(Timestamp), 0(Integer), …Û∫À÷–(String)
2020-01-28 15:14:05.860[main] DEBUG com.jiangbin.dao.ShopDao.insertShop - <==    Updates: 1
2020-01-28 15:14:05.866[main] DEBUG com.jiangbin.entity.util.ImageUtil - current relativeAddr is\upload\item\shop\8\202001281514057700.jpg
2020-01-28 15:14:05.866[main] DEBUG com.jiangbin.entity.util.ImageUtil - current complete addr isD:\projectdev\image\upload\item\shop\8\202001281514057700.jpg
2020-01-28 15:14:05.933[main] DEBUG com.jiangbin.dao.ShopDao.updateShop - ==>  Preparing: update tb_shop SET shop_name=?, shop_desc=?, shop_addr=?, phone=?, shop_img=?, last_edit_time=?, enable_status=?, advice=? area_id=?, shop_category_id=? where shop_id=? 
2020-01-28 15:14:05.934[main] DEBUG com.jiangbin.dao.ShopDao.updateShop - ==> Parameters: ≤‚ ‘µÍ∆Ã(String), test1(String), test1(String), test(String), \upload\item\shop\8\202001281514057700.jpg(String), 2020-01-28 15:14:05.792(Timestamp), 0(Integer), …Û∫À÷–(String), 2(Integer), 1(Long), 8(Long)
2020-01-28 15:19:33.524[main] DEBUG com.jiangbin.dao.ShopDao.insertShop - ==>  Preparing: insert into tb_shop(owner_id,area_id,shop_category_id,shop_name,shop_desc,shop_addr, phone,shop_img,priority,create_time,last_edit_time,enable_status,advice) values (?,?,?,?, ?,?,?,?,?,?,?, ?,?) 
2020-01-28 15:19:33.753[main] DEBUG com.jiangbin.dao.ShopDao.insertShop - ==> Parameters: 1(Long), 2(Integer), 1(Long), ≤‚ ‘µÍ∆Ã(String), test1(String), test1(String), test(String), null, null, 2020-01-28 15:19:15.806(Timestamp), 2020-01-28 15:19:16.75(Timestamp), 0(Integer), …Û∫À÷–(String)
2020-01-28 15:19:33.971[main] DEBUG com.jiangbin.dao.ShopDao.insertShop - <==    Updates: 1
2020-01-28 15:20:03.869[main] DEBUG com.jiangbin.entity.util.ImageUtil - current relativeAddr is\upload\item\shop\9\2020012815200361615.jpg
2020-01-28 15:20:03.870[main] DEBUG com.jiangbin.entity.util.ImageUtil - current complete addr isD:\projectdev\image\upload\item\shop\9\2020012815200361615.jpg
2020-01-28 15:22:07.047[main] DEBUG com.jiangbin.dao.ShopDao.updateShop - ==>  Preparing: update tb_shop SET shop_name=?, shop_desc=?, shop_addr=?, phone=?, shop_img=?, last_edit_time=?, enable_status=?, advice=? area_id=?, shop_category_id=? where shop_id=? 
2020-01-28 15:22:07.050[main] DEBUG com.jiangbin.dao.ShopDao.updateShop - ==> Parameters: ≤‚ ‘µÍ∆Ã(String), test1(String), test1(String), test(String), \upload\item\shop\9\2020012815200361615.jpg(String), 2020-01-28 15:19:16.75(Timestamp), 0(Integer), …Û∫À÷–(String), 2(Integer), 1(Long), 9(Long)
2020-01-28 15:25:11.550[main] DEBUG com.jiangbin.dao.ShopDao.insertShop - ==>  Preparing: insert into tb_shop(owner_id,area_id,shop_category_id,shop_name,shop_desc,shop_addr, phone,shop_img,priority,create_time,last_edit_time,enable_status,advice) values (?,?,?,?, ?,?,?,?,?,?,?, ?,?) 
2020-01-28 15:25:11.598[main] DEBUG com.jiangbin.dao.ShopDao.insertShop - ==> Parameters: 1(Long), 2(Integer), 1(Long), ≤‚ ‘µÍ∆Ã(String), test1(String), test1(String), test(String), null, null, 2020-01-28 15:25:11.531(Timestamp), 2020-01-28 15:25:11.531(Timestamp), 0(Integer), …Û∫À÷–(String)
2020-01-28 15:25:11.598[main] DEBUG com.jiangbin.dao.ShopDao.insertShop - <==    Updates: 1
2020-01-28 15:25:11.605[main] DEBUG com.jiangbin.entity.util.ImageUtil - current relativeAddr is\upload\item\shop\10\2020012815251111656.jpg
2020-01-28 15:25:11.605[main] DEBUG com.jiangbin.entity.util.ImageUtil - current complete addr isD:\projectdev\image\upload\item\shop\10\2020012815251111656.jpg
2020-01-28 15:25:11.672[main] DEBUG com.jiangbin.dao.ShopDao.updateShop - ==>  Preparing: update tb_shop SET shop_name=?, shop_desc=?, shop_addr=?, phone=?, shop_img=?, last_edit_time=?, enable_status=?, advice=? area_id=?, shop_category_id=? where shop_id=? 
2020-01-28 15:25:11.673[main] DEBUG com.jiangbin.dao.ShopDao.updateShop - ==> Parameters: ≤‚ ‘µÍ∆Ã(String), test1(String), test1(String), test(String), \upload\item\shop\10\2020012815251111656.jpg(String), 2020-01-28 15:25:11.531(Timestamp), 0(Integer), …Û∫À÷–(String), 2(Integer), 1(Long), 10(Long)
2020-01-28 15:32:57.703[main] DEBUG com.jiangbin.dao.ShopDao.insertShop - ==>  Preparing: insert into tb_shop(owner_id,area_id,shop_category_id,shop_name,shop_desc,shop_addr, phone,shop_img,priority,create_time,last_edit_time,enable_status,advice) values (?,?,?,?, ?,?,?,?,?,?,?, ?,?) 
2020-01-28 15:32:57.935[main] DEBUG com.jiangbin.dao.ShopDao.insertShop - ==> Parameters: 1(Long), 2(Integer), 1(Long), ≤‚ ‘µÍ∆Ã(String), test1(String), test1(String), test(String), null, null, 2020-01-28 15:32:54.664(Timestamp), 2020-01-28 15:32:55.341(Timestamp), 0(Integer), …Û∫À÷–(String)
2020-01-28 15:32:57.937[main] DEBUG com.jiangbin.dao.ShopDao.insertShop - <==    Updates: 1
2020-01-28 15:33:11.103[main] DEBUG com.jiangbin.entity.util.ImageUtil - current relativeAddr is\upload\item\shop\11\2020012815331043266.jpg
2020-01-28 15:33:11.104[main] DEBUG com.jiangbin.entity.util.ImageUtil - current complete addr isD:\projectdev\image\upload\item\shop\11\2020012815331043266.jpg
2020-01-28 15:50:48.980[main] DEBUG com.jiangbin.dao.ShopDao.updateShop - ==>  Preparing: update tb_shop SET shop_name=?, shop_desc=?, shop_addr=?, phone=?, shop_img=?, last_edit_time=?, enable_status=?, advice=? area_id=?, shop_category_id=? where shop_id=? 
2020-01-28 15:50:48.983[main] DEBUG com.jiangbin.dao.ShopDao.updateShop - ==> Parameters: ≤‚ ‘µÍ∆Ã(String), test1(String), test1(String), test(String), \upload\item\shop\11\2020012815331043266.jpg(String), 2020-01-28 15:32:55.341(Timestamp), 0(Integer), …Û∫À÷–(String), 2(Integer), 1(Long), 11(Long)
2020-01-28 15:59:56.152[main] DEBUG com.jiangbin.dao.ShopDao.insertShop - ==>  Preparing: insert into tb_shop(owner_id,area_id,shop_category_id,shop_name,shop_desc,shop_addr, phone,shop_img,priority,create_time,last_edit_time,enable_status,advice) values (?,?,?,?, ?,?,?,?,?,?,?, ?,?) 
2020-01-28 15:59:56.198[main] DEBUG com.jiangbin.dao.ShopDao.insertShop - ==> Parameters: 1(Long), 2(Integer), 1(Long), ≤‚ ‘µÍ∆Ã(String), test1(String), test1(String), test(String), null, null, 2020-01-28 15:59:56.133(Timestamp), 2020-01-28 15:59:56.133(Timestamp), 0(Integer), …Û∫À÷–(String)
2020-01-28 15:59:56.199[main] DEBUG com.jiangbin.dao.ShopDao.insertShop - <==    Updates: 1
2020-01-28 15:59:56.232[main] DEBUG com.jiangbin.entity.util.ImageUtil - current relativeAddr isupload\item\shop\12\2020012815595687347.jpg
2020-01-28 15:59:56.232[main] DEBUG com.jiangbin.entity.util.ImageUtil - current complete addr isD:\projectdev\imageupload\item\shop\12\2020012815595687347.jpg
2020-01-28 15:59:56.301[main] DEBUG com.jiangbin.dao.ShopDao.updateShop - ==>  Preparing: update tb_shop SET shop_name=?, shop_desc=?, shop_addr=?, phone=?, shop_img=?, last_edit_time=?, enable_status=?, advice=?, area_id=?, shop_category_id=? where shop_id=? 
2020-01-28 15:59:56.302[main] DEBUG com.jiangbin.dao.ShopDao.updateShop - ==> Parameters: ≤‚ ‘µÍ∆Ã(String), test1(String), test1(String), test(String), upload\item\shop\12\2020012815595687347.jpg(String), 2020-01-28 15:59:56.133(Timestamp), 0(Integer), …Û∫À÷–(String), 2(Integer), 1(Long), 12(Long)
2020-01-28 15:59:56.303[main] DEBUG com.jiangbin.dao.ShopDao.updateShop - <==    Updates: 1
2020-01-28 16:03:34.172[main] DEBUG com.jiangbin.dao.ShopDao.insertShop - ==>  Preparing: insert into tb_shop(owner_id,area_id,shop_category_id,shop_name,shop_desc,shop_addr, phone,shop_img,priority,create_time,last_edit_time,enable_status,advice) values (?,?,?,?, ?,?,?,?,?,?,?, ?,?) 
2020-01-28 16:03:34.211[main] DEBUG com.jiangbin.dao.ShopDao.insertShop - ==> Parameters: 1(Long), 2(Integer), 1(Long), ≤‚ ‘µÍ∆Ã(String), test1(String), test1(String), test(String), null, null, 2020-01-28 16:03:34.152(Timestamp), 2020-01-28 16:03:34.152(Timestamp), 0(Integer), …Û∫À÷–(String)
2020-01-28 16:03:34.211[main] DEBUG com.jiangbin.dao.ShopDao.insertShop - <==    Updates: 1
2020-01-28 16:03:34.220[main] DEBUG com.jiangbin.util.ImageUtil - current relativeAddr isupload\item\shop\13\2020012816033485541.jpg
2020-01-28 16:03:34.220[main] DEBUG com.jiangbin.util.ImageUtil - current complete addr isD:\projectdev\imageupload\item\shop\13\2020012816033485541.jpg
2020-01-28 16:03:34.318[main] DEBUG com.jiangbin.dao.ShopDao.updateShop - ==>  Preparing: update tb_shop SET shop_name=?, shop_desc=?, shop_addr=?, phone=?, shop_img=?, last_edit_time=?, enable_status=?, advice=?, area_id=?, shop_category_id=? where shop_id=? 
2020-01-28 16:03:34.319[main] DEBUG com.jiangbin.dao.ShopDao.updateShop - ==> Parameters: ≤‚ ‘µÍ∆Ã(String), test1(String), test1(String), test(String), upload\item\shop\13\2020012816033485541.jpg(String), 2020-01-28 16:03:34.152(Timestamp), 0(Integer), …Û∫À÷–(String), 2(Integer), 1(Long), 13(Long)
2020-01-28 16:03:34.319[main] DEBUG com.jiangbin.dao.ShopDao.updateShop - <==    Updates: 1
2020-01-28 16:05:44.315[main] DEBUG com.jiangbin.dao.ShopDao.insertShop - ==>  Preparing: insert into tb_shop(owner_id,area_id,shop_category_id,shop_name,shop_desc,shop_addr, phone,shop_img,priority,create_time,last_edit_time,enable_status,advice) values (?,?,?,?, ?,?,?,?,?,?,?, ?,?) 
2020-01-28 16:05:44.365[main] DEBUG com.jiangbin.dao.ShopDao.insertShop - ==> Parameters: 1(Long), 2(Integer), 1(Long), ≤‚ ‘µÍ∆Ã(String), test1(String), test1(String), test(String), null, null, 2020-01-28 16:05:44.298(Timestamp), 2020-01-28 16:05:44.298(Timestamp), 0(Integer), …Û∫À÷–(String)
2020-01-28 16:05:44.365[main] DEBUG com.jiangbin.dao.ShopDao.insertShop - <==    Updates: 1
2020-01-28 16:05:44.494[main] DEBUG com.jiangbin.util.ImageUtil - current relativeAddr is\upload\item\shop\14\2020012816054416529.jpg
2020-01-28 16:05:44.494[main] DEBUG com.jiangbin.util.ImageUtil - current complete addr isD:\projectdev\image\upload\item\shop\14\2020012816054416529.jpg
2020-01-28 16:05:44.559[main] DEBUG com.jiangbin.dao.ShopDao.updateShop - ==>  Preparing: update tb_shop SET shop_name=?, shop_desc=?, shop_addr=?, phone=?, shop_img=?, last_edit_time=?, enable_status=?, advice=?, area_id=?, shop_category_id=? where shop_id=? 
2020-01-28 16:05:44.560[main] DEBUG com.jiangbin.dao.ShopDao.updateShop - ==> Parameters: ≤‚ ‘µÍ∆Ã(String), test1(String), test1(String), test(String), \upload\item\shop\14\2020012816054416529.jpg(String), 2020-01-28 16:05:44.298(Timestamp), 0(Integer), …Û∫À÷–(String), 2(Integer), 1(Long), 14(Long)
2020-01-28 16:05:44.561[main] DEBUG com.jiangbin.dao.ShopDao.updateShop - <==    Updates: 1
2020-01-28 16:07:12.807[main] DEBUG com.jiangbin.dao.ShopDao.insertShop - ==>  Preparing: insert into tb_shop(owner_id,area_id,shop_category_id,shop_name,shop_desc,shop_addr, phone,shop_img,priority,create_time,last_edit_time,enable_status,advice) values (?,?,?,?, ?,?,?,?,?,?,?, ?,?) 
2020-01-28 16:07:12.857[main] DEBUG com.jiangbin.dao.ShopDao.insertShop - ==> Parameters: 1(Long), 2(Integer), 1(Long), ≤‚ ‘µÍ∆Ã(String), test1(String), test1(String), test(String), null, null, 2020-01-28 16:07:12.789(Timestamp), 2020-01-28 16:07:12.789(Timestamp), 0(Integer), …Û∫À÷–(String)
2020-01-28 16:07:12.858[main] DEBUG com.jiangbin.dao.ShopDao.insertShop - <==    Updates: 1
2020-01-28 16:07:12.864[main] DEBUG com.jiangbin.util.ImageUtil - current relativeAddr is\upload\item\shop\15\2020012816071256799.jpg
2020-01-28 16:07:12.865[main] DEBUG com.jiangbin.util.ImageUtil - current complete addr isD:\projectdev\image\upload\item\shop\15\2020012816071256799.jpg
2020-01-28 16:07:12.933[main] DEBUG com.jiangbin.dao.ShopDao.updateShop - ==>  Preparing: update tb_shop SET shop_name=?, shop_desc=?, shop_addr=?, phone=?, shop_img=?, last_edit_time=?, enable_status=?, advice=?, area_id=?, shop_category_id=? where shop_id=? 
2020-01-28 16:07:12.935[main] DEBUG com.jiangbin.dao.ShopDao.updateShop - ==> Parameters: ≤‚ ‘µÍ∆Ã(String), test1(String), test1(String), test(String), \upload\item\shop\15\2020012816071256799.jpg(String), 2020-01-28 16:07:12.789(Timestamp), 0(Integer), …Û∫À÷–(String), 2(Integer), 1(Long), 15(Long)
2020-01-28 16:07:12.936[main] DEBUG com.jiangbin.dao.ShopDao.updateShop - <==    Updates: 1
2020-01-28 16:14:32.424[main] DEBUG com.jiangbin.dao.ShopDao.insertShop - ==>  Preparing: insert into tb_shop(owner_id,area_id,shop_category_id,shop_name,shop_desc,shop_addr, phone,shop_img,priority,create_time,last_edit_time,enable_status,advice) values (?,?,?,?, ?,?,?,?,?,?,?, ?,?) 
2020-01-28 16:14:32.474[main] DEBUG com.jiangbin.dao.ShopDao.insertShop - ==> Parameters: 1(Long), 2(Integer), 1(Long), ≤‚ ‘µÍ∆Ã(String), test1(String), test1(String), test(String), null, null, 2020-01-28 16:14:32.405(Timestamp), 2020-01-28 16:14:32.405(Timestamp), 0(Integer), …Û∫À÷–(String)
2020-01-28 16:14:32.475[main] DEBUG com.jiangbin.dao.ShopDao.insertShop - <==    Updates: 1
2020-01-28 16:14:32.482[main] DEBUG com.jiangbin.util.ImageUtil - current relativeAddr is\upload\item\shop\16\2020012816143211226.jpg
2020-01-28 16:14:32.482[main] DEBUG com.jiangbin.util.ImageUtil - current complete addr isD:\projectdev\image\upload\item\shop\16\2020012816143211226.jpg
2020-01-28 16:14:32.551[main] DEBUG com.jiangbin.dao.ShopDao.updateShop - ==>  Preparing: update tb_shop SET shop_name=?, shop_desc=?, shop_addr=?, phone=?, shop_img=?, last_edit_time=?, enable_status=?, advice=?, area_id=?, shop_category_id=? where shop_id=? 
2020-01-28 16:14:32.552[main] DEBUG com.jiangbin.dao.ShopDao.updateShop - ==> Parameters: ≤‚ ‘µÍ∆Ã(String), test1(String), test1(String), test(String), \upload\item\shop\16\2020012816143211226.jpg(String), 2020-01-28 16:14:32.405(Timestamp), 0(Integer), …Û∫À÷–(String), 2(Integer), 1(Long), 16(Long)
2020-01-28 16:14:32.552[main] DEBUG com.jiangbin.dao.ShopDao.updateShop - <==    Updates: 1
2020-01-28 16:17:52.470[main] DEBUG com.jiangbin.dao.ShopDao.insertShop - ==>  Preparing: insert into tb_shop(owner_id,area_id,shop_category_id,shop_name,shop_desc,shop_addr, phone,shop_img,priority,create_time,last_edit_time,enable_status,advice) values (?,?,?,?, ?,?,?,?,?,?,?, ?,?) 
2020-01-28 16:17:52.519[main] DEBUG com.jiangbin.dao.ShopDao.insertShop - ==> Parameters: 1(Long), 2(Integer), 1(Long), ≤‚ ‘µÍ∆Ã(String), test1(String), test1(String), test(String), null, null, 2020-01-28 16:17:52.455(Timestamp), 2020-01-28 16:17:52.455(Timestamp), 0(Integer), …Û∫À÷–(String)
2020-01-28 16:17:52.572[main] DEBUG com.jiangbin.dao.ShopDao.insertShop - <==    Updates: 1
2020-01-28 16:17:52.580[main] DEBUG com.jiangbin.util.ImageUtil - current relativeAddr is\upload\item\shop\17\2020012816175239901.jpg
2020-01-28 16:17:52.580[main] DEBUG com.jiangbin.util.ImageUtil - current complete addr isD:\projectdev\image\upload\item\shop\17\2020012816175239901.jpg
2020-01-28 16:17:52.866[main] DEBUG com.jiangbin.dao.ShopDao.updateShop - ==>  Preparing: update tb_shop SET shop_name=?, shop_desc=?, shop_addr=?, phone=?, shop_img=?, last_edit_time=?, enable_status=?, advice=?, area_id=?, shop_category_id=? where shop_id=? 
2020-01-28 16:17:52.867[main] DEBUG com.jiangbin.dao.ShopDao.updateShop - ==> Parameters: ≤‚ ‘µÍ∆Ã(String), test1(String), test1(String), test(String), \upload\item\shop\17\2020012816175239901.jpg(String), 2020-01-28 16:17:52.455(Timestamp), 0(Integer), …Û∫À÷–(String), 2(Integer), 1(Long), 17(Long)
2020-01-28 16:17:52.868[main] DEBUG com.jiangbin.dao.ShopDao.updateShop - <==    Updates: 1
2020-01-28 16:21:40.875[main] DEBUG com.jiangbin.dao.ShopDao.insertShop - ==>  Preparing: insert into tb_shop(owner_id,area_id,shop_category_id,shop_name,shop_desc,shop_addr, phone,shop_img,priority,create_time,last_edit_time,enable_status,advice) values (?,?,?,?, ?,?,?,?,?,?,?, ?,?) 
2020-01-28 16:21:40.920[main] DEBUG com.jiangbin.dao.ShopDao.insertShop - ==> Parameters: 1(Long), 2(Integer), 1(Long), ≤‚ ‘µÍ∆Ã(String), test1(String), test1(String), test(String), null, null, 2020-01-28 16:21:40.859(Timestamp), 2020-01-28 16:21:40.859(Timestamp), 0(Integer), …Û∫À÷–(String)
2020-01-28 16:21:40.921[main] DEBUG com.jiangbin.dao.ShopDao.insertShop - <==    Updates: 1
2020-01-28 16:21:40.928[main] DEBUG com.jiangbin.util.ImageUtil - current relativeAddr is\upload\item\shop\18\202001281621407244.jpg
2020-01-28 16:21:40.928[main] DEBUG com.jiangbin.util.ImageUtil - current complete addr isD:\projectdev\image\upload\item\shop\18\202001281621407244.jpg
2020-01-28 16:21:41.040[main] DEBUG com.jiangbin.dao.ShopDao.updateShop - ==>  Preparing: update tb_shop SET shop_name=?, shop_desc=?, shop_addr=?, phone=?, shop_img=?, last_edit_time=?, enable_status=?, advice=?, area_id=?, shop_category_id=? where shop_id=? 
2020-01-28 16:21:41.041[main] DEBUG com.jiangbin.dao.ShopDao.updateShop - ==> Parameters: ≤‚ ‘µÍ∆Ã(String), test1(String), test1(String), test(String), \upload\item\shop\18\202001281621407244.jpg(String), 2020-01-28 16:21:40.859(Timestamp), 0(Integer), …Û∫À÷–(String), 2(Integer), 1(Long), 18(Long)
2020-01-28 16:21:41.042[main] DEBUG com.jiangbin.dao.ShopDao.updateShop - <==    Updates: 1
2020-01-28 16:32:00.983[main] DEBUG com.jiangbin.dao.ShopDao.insertShop - ==>  Preparing: insert into tb_shop(owner_id,area_id,shop_category_id,shop_name,shop_desc,shop_addr, phone,shop_img,priority,create_time,last_edit_time,enable_status,advice) values (?,?,?,?, ?,?,?,?,?,?,?, ?,?) 
2020-01-28 16:32:01.035[main] DEBUG com.jiangbin.dao.ShopDao.insertShop - ==> Parameters: 1(Long), 2(Integer), 1(Long), ≤‚ ‘µÍ∆Ã2(String), test1(String), test1(String), test(String), null, null, 2020-01-28 16:32:00.963(Timestamp), 2020-01-28 16:32:00.963(Timestamp), 0(Integer), …Û∫À÷–(String)
2020-01-28 16:32:01.036[main] DEBUG com.jiangbin.dao.ShopDao.insertShop - <==    Updates: 1
2020-01-28 17:51:03.635[main] DEBUG com.jiangbin.dao.ShopDao.insertShop - ==>  Preparing: insert into tb_shop(owner_id,area_id,shop_category_id,shop_name,shop_desc,shop_addr, phone,shop_img,priority,create_time,last_edit_time,enable_status,advice) values (?,?,?,?, ?,?,?,?,?,?,?, ?,?) 
2020-01-28 17:51:03.686[main] DEBUG com.jiangbin.dao.ShopDao.insertShop - ==> Parameters: 1(Long), 2(Integer), 1(Long), ≤‚ ‘µÍ∆Ã3(String), test3(String), test3(String), test3(String), null, null, 2020-01-28 17:51:03.617(Timestamp), 2020-01-28 17:51:03.617(Timestamp), 0(Integer), …Û∫À÷–(String)
2020-01-28 17:51:03.689[main] DEBUG com.jiangbin.dao.ShopDao.insertShop - <==    Updates: 1
2020-01-28 17:51:03.807[main] DEBUG com.jiangbin.util.ImageUtil - current relativeAddr is\upload\item\shop\20\2020012817510374385.jpg
2020-01-28 17:51:03.807[main] DEBUG com.jiangbin.util.ImageUtil - current complete addr isD:\projectdev\image\upload\item\shop\20\2020012817510374385.jpg
2020-01-28 17:51:03.942[main] DEBUG com.jiangbin.dao.ShopDao.updateShop - ==>  Preparing: update tb_shop SET shop_name=?, shop_desc=?, shop_addr=?, phone=?, shop_img=?, last_edit_time=?, enable_status=?, advice=?, area_id=?, shop_category_id=? where shop_id=? 
2020-01-28 17:51:03.943[main] DEBUG com.jiangbin.dao.ShopDao.updateShop - ==> Parameters: ≤‚ ‘µÍ∆Ã3(String), test3(String), test3(String), test3(String), \upload\item\shop\20\2020012817510374385.jpg(String), 2020-01-28 17:51:03.617(Timestamp), 0(Integer), …Û∫À÷–(String), 2(Integer), 1(Long), 20(Long)
2020-01-28 17:51:03.944[main] DEBUG com.jiangbin.dao.ShopDao.updateShop - <==    Updates: 1
2020-01-28 20:56:31.125[main] DEBUG com.jiangbin.dao.ShopCategoryDao.queryShopCategoty - ==>  Preparing: select shop_category_id, shop_category_name, shop_category_img, priority, create_time, last_edit_time, parent_id from tb_shop_category order by priority desc 
2020-01-28 20:56:31.156[main] DEBUG com.jiangbin.dao.ShopCategoryDao.queryShopCategoty - ==> Parameters: 
2020-01-28 20:56:31.296[main] DEBUG com.jiangbin.dao.ShopCategoryDao.queryShopCategoty - <==      Total: 1
2020-01-28 20:58:23.452[main] DEBUG com.jiangbin.dao.ShopCategoryDao.queryShopCategoty - ==>  Preparing: select shop_category_id, shop_category_name, shop_category_img, priority, create_time, last_edit_time, parent_id from tb_shop_category order by priority desc 
2020-01-28 20:58:23.484[main] DEBUG com.jiangbin.dao.ShopCategoryDao.queryShopCategoty - ==> Parameters: 
2020-01-28 20:58:23.526[main] DEBUG com.jiangbin.dao.ShopCategoryDao.queryShopCategoty - <==      Total: 2
2020-01-28 21:10:42.798[main] DEBUG com.jiangbin.dao.ShopCategoryDao.queryShopCategoty - ==>  Preparing: select shop_category_id, shop_category_name, shop_category_img, priority, create_time, last_edit_time, parent_id from tb_shop_category order by priority desc 
2020-01-28 21:10:42.822[main] DEBUG com.jiangbin.dao.ShopCategoryDao.queryShopCategoty - ==> Parameters: 
2020-01-28 21:10:42.841[main] DEBUG com.jiangbin.dao.ShopCategoryDao.queryShopCategoty - <==      Total: 2
2020-01-28 21:10:42.851[main] DEBUG com.jiangbin.dao.ShopCategoryDao.queryShopCategoty - ==>  Preparing: select shop_category_id, shop_category_name, shop_category_img, priority, create_time, last_edit_time, parent_id from tb_shop_category WHERE parent_id=? order by priority desc 
2020-01-28 21:10:42.851[main] DEBUG com.jiangbin.dao.ShopCategoryDao.queryShopCategoty - ==> Parameters: 1(Long)
2020-01-28 21:10:42.951[main] DEBUG com.jiangbin.dao.ShopCategoryDao.queryShopCategoty - <==      Total: 0
2020-01-28 21:11:06.924[main] DEBUG com.jiangbin.dao.ShopCategoryDao.queryShopCategoty - ==>  Preparing: select shop_category_id, shop_category_name, shop_category_img, priority, create_time, last_edit_time, parent_id from tb_shop_category order by priority desc 
2020-01-28 21:11:06.952[main] DEBUG com.jiangbin.dao.ShopCategoryDao.queryShopCategoty - ==> Parameters: 
2020-01-28 21:11:06.990[main] DEBUG com.jiangbin.dao.ShopCategoryDao.queryShopCategoty - <==      Total: 2
2020-01-28 21:11:06.999[main] DEBUG com.jiangbin.dao.ShopCategoryDao.queryShopCategoty - ==>  Preparing: select shop_category_id, shop_category_name, shop_category_img, priority, create_time, last_edit_time, parent_id from tb_shop_category WHERE parent_id=? order by priority desc 
2020-01-28 21:11:06.999[main] DEBUG com.jiangbin.dao.ShopCategoryDao.queryShopCategoty - ==> Parameters: 1(Long)
2020-01-28 21:11:07.000[main] DEBUG com.jiangbin.dao.ShopCategoryDao.queryShopCategoty - <==      Total: 0
2020-01-28 21:14:40.957[main] DEBUG com.jiangbin.dao.ShopCategoryDao.queryShopCategoty - ==>  Preparing: select shop_category_id, shop_category_name, shop_category_img, priority, create_time, last_edit_time, parent_id from tb_shop_category order by priority desc 
2020-01-28 21:14:40.987[main] DEBUG com.jiangbin.dao.ShopCategoryDao.queryShopCategoty - ==> Parameters: 
2020-01-28 21:14:41.032[main] DEBUG com.jiangbin.dao.ShopCategoryDao.queryShopCategoty - <==      Total: 2
2020-01-28 21:14:41.041[main] DEBUG com.jiangbin.dao.ShopCategoryDao.queryShopCategoty - ==>  Preparing: select shop_category_id, shop_category_name, shop_category_img, priority, create_time, last_edit_time, parent_id from tb_shop_category WHERE parent_id=? order by priority desc 
2020-01-28 21:14:41.042[main] DEBUG com.jiangbin.dao.ShopCategoryDao.queryShopCategoty - ==> Parameters: 1(Long)
2020-01-28 21:14:41.043[main] DEBUG com.jiangbin.dao.ShopCategoryDao.queryShopCategoty - <==      Total: 1
